<?xml version="1.0" encoding="UTF-8"?>
<testng-results skipped="0" failed="0" ignored="0" total="1" passed="1">
  <reporter-output>
  </reporter-output>
  <suite name="Default suite" duration-ms="16065" started-at="2019-11-27T10:49:58Z" finished-at="2019-11-27T10:50:14Z">
    <groups>
    </groups>
    <test name="Default test" duration-ms="16065" started-at="2019-11-27T10:49:58Z" finished-at="2019-11-27T10:50:14Z">
      <class name="com.automation.testcases.Tc91_ads">
        <test-method status="PASS" signature="setUpSuite()[pri:0, instance:com.automation.testcases.Tc91_ads@4883b407]" name="setUpSuite" is-config="true" duration-ms="830" started-at="2019-11-27T10:49:57Z" finished-at="2019-11-27T10:49:58Z">
          <reporter-output>
          </reporter-output>
        </test-method> <!-- setUpSuite -->
        <test-method status="PASS" signature="setup()[pri:0, instance:com.automation.testcases.Tc91_ads@4883b407]" name="setup" is-config="true" duration-ms="16009" started-at="2019-11-27T10:49:58Z" finished-at="2019-11-27T10:50:14Z">
          <reporter-output>
          </reporter-output>
        </test-method> <!-- setup -->
        <test-method status="PASS" signature="ads()[pri:0, instance:com.automation.testcases.Tc91_ads@4883b407]" name="ads" duration-ms="26" started-at="2019-11-27T10:50:14Z" finished-at="2019-11-27T10:50:14Z">
          <reporter-output>
          </reporter-output>
        </test-method> <!-- ads -->
      </class> <!-- com.automation.testcases.Tc91_ads -->
    </test> <!-- Default test -->
  </suite> <!-- Default suite -->
</testng-results>
